<?xml version="1.0" encoding="UTF-8"?>
<!-- Generated by org.testng.reporters.JUnitReportReporter -->
<testsuite hostname="wksl-014" name="com.angloinfo.tests.RegistrationTest" tests="1" failures="1" timestamp="20 Feb 2015 09:38:50 GMT" time="67.016" errors="0">
  <testcase name="testRegistration" time="67.016" classname="com.angloinfo.tests.RegistrationTest">
    <failure type="org.sikuli.script.FindFailed" message="can not find P(C:\\Users\\GrizelS\\Documents\\GitHub\\AngloInfoTesting\\expectedImg\\register.png) S: 0.7 on the screen.">
      <![CDATA[FindFailed: can not find P(C:\\Users\\GrizelS\\Documents\\GitHub\\AngloInfoTesting\\expectedImg\\register.png) S: 0.7 on the screen.
  Line 1574, in file Region.java

	at org.sikuli.script.Region.handleFindFailed(Region.java:1574)
	at org.sikuli.script.Region.wait(Region.java:1682)
	at com.angloinfo.util.SikuliDriverUtility.isImgInScreen(SikuliDriverUtility.java:455)
	at com.angloinfo.fixtures.Registration.isPageDisplayed(Registration.java:108)
	at com.angloinfo.fixtures.Registration.isRegistrationDisplayed(Registration.java:44)
	at com.angloinfo.tests.RegistrationTest.testRegistration(RegistrationTest.java:25)
	at sun.reflect.NativeMethodAccessorImpl.invoke0(Native Method)
	at sun.reflect.NativeMethodAccessorImpl.invoke(NativeMethodAccessorImpl.java:57)
	at sun.reflect.DelegatingMethodAccessorImpl.invoke(DelegatingMethodAccessorImpl.java:43)
	at java.lang.reflect.Method.invoke(Method.java:606)
	at org.testng.internal.MethodInvocationHelper.invokeMethod(MethodInvocationHelper.java:84)
	at org.testng.internal.Invoker.invokeMethod(Invoker.java:714)
	at org.testng.internal.Invoker.invokeTestMethod(Invoker.java:901)
	at org.testng.internal.Invoker.invokeTestMethods(Invoker.java:1231)
	at org.testng.internal.TestMethodWorker.invokeTestMethods(TestMethodWorker.java:127)
	at org.testng.internal.TestMethodWorker.run(TestMethodWorker.java:111)
	at org.testng.TestRunner.privateRun(TestRunner.java:767)
	at org.testng.TestRunner.run(TestRunner.java:617)
	at org.testng.SuiteRunner.runTest(SuiteRunner.java:334)
	at org.testng.SuiteRunner.access$000(SuiteRunner.java:37)
	at org.testng.SuiteRunner$SuiteWorker.run(SuiteRunner.java:368)
	at org.testng.internal.thread.ThreadUtil$2.call(ThreadUtil.java:64)
	at java.util.concurrent.FutureTask.run(FutureTask.java:262)
	at java.util.concurrent.ThreadPoolExecutor.runWorker(ThreadPoolExecutor.java:1145)
	at java.util.concurrent.ThreadPoolExecutor$Worker.run(ThreadPoolExecutor.java:615)
	at java.lang.Thread.run(Thread.java:745)
]]>
    </failure>
  </testcase> <!-- testRegistration -->
</testsuite> <!-- com.angloinfo.tests.RegistrationTest -->
